<?xml version="1.0" encoding="utf-8"?><testsuites name="pytest tests"><testsuite name="pytest" errors="0" failures="0" skipped="0" tests="14" time="4.082" timestamp="2026-07-20T07:26:28.638095+00:00" hostname="agent-env-e73e268f-da08-47d0-9016-df0c5fffcea0"><testcase classname="tests.test_csv_import_and_phone.TestCeramicsImport" name="test_import_valid_csv_inserts_rows" time="0.832" /><testcase classname="tests.test_csv_import_and_phone.TestYardsImport" name="test_import_valid_yards" time="0.965" /><testcase classname="tests.test_csv_import_and_phone.TestCeramicsImport" name="test_import_partial_success_missing_fields" time="0.129" /><testcase classname="tests.test_csv_import_and_phone.TestCeramicsImport" name="test_import_rejects_non_csv_filename" time="0.132" /><testcase classname="tests.test_csv_import_and_phone.TestYardsImport" name="test_import_yards_case_insensitive_port" time="0.100" /><testcase classname="tests.test_csv_import_and_phone.TestYardsImport" name="test_import_yards_invalid_port_skipped" time="0.101" /><testcase classname="tests.test_csv_import_and_phone.TestCeramicsImport" name="test_import_requires_admin_unauth" time="0.140" /><testcase classname="tests.test_csv_import_and_phone.TestYardsImport" name="test_import_yards_rejects_non_csv" time="0.145" /><testcase classname="tests.test_csv_import_and_phone.TestYardsImport" name="test_import_yards_requires_admin" time="1.915" /><testcase classname="tests.test_csv_import_and_phone.TestCeramicsImport" name="test_import_rejects_non_admin_user" time="0.636" /><testcase classname="tests.test_csv_import_and_phone.TestPhoneField" name="test_seed_ceramics_have_phone" time="0.094" /><testcase classname="tests.test_csv_import_and_phone.TestPhoneField" name="test_seed_yards_have_phone" time="0.125" /><testcase classname="tests.test_csv_import_and_phone.TestPhoneField" name="test_create_ceramic_with_phone" time="0.234" /><testcase classname="tests.test_csv_import_and_phone.TestPhoneField" name="test_update_yard_phone" time="1.250" /></testsuite></testsuites>