<?xml version="1.0" encoding="utf-8"?><testsuites name="pytest tests"><testsuite name="pytest" errors="0" failures="0" skipped="0" tests="11" time="64.998" timestamp="2026-07-20T08:33:38.479944+00:00" hostname="agent-env-e73e268f-da08-47d0-9016-df0c5fffcea0"><testcase classname="tests.test_device_binding.TestLoginRegisterRequireDeviceId" name="test_login_without_device_id_returns_422" time="0.151" /><testcase classname="tests.test_device_binding.TestLoginRegisterRequireDeviceId" name="test_login_with_short_device_id_returns_422" time="0.093" /><testcase classname="tests.test_device_binding.TestLoginRegisterRequireDeviceId" name="test_register_without_device_id_returns_422" time="0.092" /><testcase classname="tests.test_device_binding.TestAdminMultiDevice" name="test_two_admin_logins_both_work" time="1.925" /><testcase classname="tests.test_device_binding.TestAdminMultiDevice" name="test_admin_token_survives_after_reset_device_calls" time="1.020" /><testcase classname="tests.test_device_binding.TestNonAdminDeviceBinding" name="test_login_same_device_ok_diff_device_403" time="1.136" /><testcase classname="tests.test_device_binding.TestNonAdminDeviceBinding" name="test_reset_then_login_from_new_device" time="1.260" /><testcase classname="tests.test_device_binding.TestTokenInvalidationAfterReset" name="test_old_token_401_after_reset" time="42.926" /><testcase classname="tests.test_device_binding.TestAdminUserListing" name="test_device_bound_boolean_no_leak" time="15.719" /><testcase classname="tests.test_device_binding.TestAdminSelfResetForbidden" name="test_admin_self_reset_400" time="0.197" /><testcase classname="tests.test_device_binding.TestAdminTokenNoDeviceRequirement" name="test_admin_token_works_across_arbitrary_device_events" time="0.411" /></testsuite></testsuites>