<?xml version="1.0" encoding="utf-8"?><testsuites name="pytest tests"><testsuite name="pytest" errors="0" failures="0" skipped="0" tests="8" time="4.540" timestamp="2026-07-20T08:10:24.692252+00:00" hostname="agent-env-e73e268f-da08-47d0-9016-df0c5fffcea0"><testcase classname="tests.test_no_phone_and_single_device.TestNoPhoneField" name="test_ceramics_list_has_no_phone" time="0.533" /><testcase classname="tests.test_no_phone_and_single_device.TestNoPhoneField" name="test_yards_list_has_no_phone" time="0.105" /><testcase classname="tests.test_no_phone_and_single_device.TestNoPhoneField" name="test_create_ceramic_ignores_phone" time="0.302" /><testcase classname="tests.test_no_phone_and_single_device.TestNoPhoneField" name="test_create_yard_ignores_phone" time="0.200" /><testcase classname="tests.test_no_phone_and_single_device.TestNoPhoneField" name="test_import_ceramics_csv_with_phone_column" time="0.295" /><testcase classname="tests.test_no_phone_and_single_device.TestSingleDevice" name="test_admin_second_login_invalidates_first" time="0.964" /><testcase classname="tests.test_no_phone_and_single_device.TestSingleDevice" name="test_logout_invalidates_token" time="0.601" /><testcase classname="tests.test_no_phone_and_single_device.TestRegisterFlow" name="test_register_duplicate_and_single_device" time="1.493" /></testsuite></testsuites>